MPASM  5.41                           PWM.ASM   11-9-2017  11:17:26         PAGE  1


LOC  OBJECT CODE     LINE SOURCE TEXT
  VALUE

                      00001 ; fosc = 4MHz
                      00002 ; 1 cm = 4 tacte
                      00003 ; 1 sec = 10^6 cm
                      00004 ; 1 cm = 1 us
                      00005 ; 1 ms = 1000 cm
                      00006 
                      00007 #include p16f84.inc
                      00001         LIST
                      00002 
                      00003 ;==========================================================================
                      00004 ;  MPASM PIC16F84 processor include
                      00005 ; 
                      00006 ;  (c) Copyright 1999-2011 Microchip Technology, All rights reserved
                      00007 ;==========================================================================
                      00008 
                      00199         LIST
                      00008 
  00000020            00009 i equ 0x20
  00000021            00010 j equ 0x21
                      00011 
0000                  00012 main:
0000   1683           00013         BSF STATUS, RP0
0001   300F           00014         MOVLW B'00001111'
Message[302]: Register in operand not in bank 0.  Ensure that bank bits are correct.
0002   0086           00015         MOVWF TRISB
0003   1283           00016         BCF STATUS, RP0
                      00017         
0004   300A           00018         MOVLW D'10'
0005   00A0           00019         MOVWF i
                      00020 
0006                  00021 LOOP_PWM:
                      00022         
0006   1806           00023         BTFSC PORTB, 0
0007   280F           00024         GOTO button_apasat
                      00025         
0008                  00026 button_neapasat:        
0008   1686           00027         BSF PORTB, 5
0009   2017           00028         CALL delay_1ms
                      00029 
000A   1286           00030         BCF PORTB, 5
000B   2017           00031         CALL delay_1ms
                      00032 
000C   0BA0           00033         DECFSZ i, 1
000D   2814           00034         GOTO button_end
000E   0000           00035         NOP
                      00036         
000F                  00037 button_apasat:
                      00038         
000F   1686           00039         BSF PORTB, 5
0010   2025           00040         CALL delay_third_ms
0011   1286           00041         BCF PORTB, 5
0012   2025           00042         CALL delay_third_ms
0013   2025           00043         CALL delay_third_ms
MPASM  5.41                           PWM.ASM   11-9-2017  11:17:26         PAGE  2


LOC  OBJECT CODE     LINE SOURCE TEXT
  VALUE

                      00044 
0014                  00045 button_end:
0014   0BA0           00046         DECFSZ i,1
0015   2806           00047         GOTO LOOP_PWM
0016   0000           00048         NOP
                      00049         
                      00050 
0017                  00051 delay_1ms:
0017   30C6           00052         MOVLW D'198'
0018   00A1           00053         MOVWF j
                      00054         
Warning[207]: Found label after column 1. (loop_j)
0019                  00055         loop_j:
0019   0000           00056                 NOP
001A   0000           00057                 NOP
001B   0BA1           00058                 DECFSZ j, 1
001C   2819           00059                 GOTO loop_j
001D   0008           00060                 RETURN
                      00061 
001E                  00062 delay_half_ms:
                      00063 
001E   3063           00064         MOVLW D'99'
001F   00A1           00065         MOVWF j
                      00066         
Warning[207]: Found label after column 1. (loop_ji)
0020                  00067         loop_ji:
0020   0000           00068                 NOP
0021   0000           00069                 NOP
0022   0BA1           00070                 DECFSZ j, 1
0023   2820           00071                 GOTO loop_ji
0024   0008           00072                 RETURN
                      00073 
0025                  00074 delay_third_ms:
                      00075 
0025   3043           00076         MOVLW D'67'
0026   00A1           00077         MOVWF j
                      00078         
Warning[207]: Found label after column 1. (loop_jiy)
0027                  00079         loop_jiy:
0027   0000           00080                 NOP
0028   0000           00081                 NOP
0029   0BA1           00082                 DECFSZ j, 1
002A   2827           00083                 GOTO loop_jiy
002B   0008           00084                 RETURN
                      00085 
Warning[205]: Found directive in column 1. (end)
                      00086 end
MPASM  5.41                           PWM.ASM   11-9-2017  11:17:26         PAGE  3


SYMBOL TABLE
  LABEL                             VALUE 

C                                 00000000
DC                                00000001
EEADR                             00000009
EECON1                            00000088
EECON2                            00000089
EEDATA                            00000008
EEIE                              00000006
EEIF                              00000004
F                                 00000001
FSR                               00000004
GIE                               00000007
INDF                              00000000
INTCON                            0000000B
INTE                              00000004
INTEDG                            00000006
INTF                              00000001
IRP                               00000007
LOOP_PWM                          00000006
NOT_PD                            00000003
NOT_RBPU                          00000007
NOT_TO                            00000004
OPTION_REG                        00000081
PCL                               00000002
PCLATH                            0000000A
PORTA                             00000005
PORTB                             00000006
PS0                               00000000
PS1                               00000001
PS2                               00000002
PSA                               00000003
RA0                               00000000
RA1                               00000001
RA2                               00000002
RA3                               00000003
RA4                               00000004
RB0                               00000000
RB1                               00000001
RB2                               00000002
RB3                               00000003
RB4                               00000004
RB5                               00000005
RB6                               00000006
RB7                               00000007
RBIE                              00000003
RBIF                              00000000
RD                                00000000
RP0                               00000005
RP1                               00000006
STATUS                            00000003
T0CS                              00000005
T0IE                              00000005
T0IF                              00000002
T0SE                              00000004
MPASM  5.41                           PWM.ASM   11-9-2017  11:17:26         PAGE  4


SYMBOL TABLE
  LABEL                             VALUE 

TMR0                              00000001
TMR0IE                            00000005
TMR0IF                            00000002
TRISA                             00000085
TRISA0                            00000000
TRISA1                            00000001
TRISA2                            00000002
TRISA3                            00000003
TRISA4                            00000004
TRISB                             00000086
TRISB0                            00000000
TRISB1                            00000001
TRISB2                            00000002
TRISB3                            00000003
TRISB4                            00000004
TRISB5                            00000005
TRISB6                            00000006
TRISB7                            00000007
W                                 00000000
WR                                00000001
WREN                              00000002
WRERR                             00000003
Z                                 00000002
_CONFIG                           00002007
_CP_OFF                           00003FFF
_CP_ON                            0000000F
_HS_OSC                           00003FFE
_IDLOC0                           00002000
_IDLOC1                           00002001
_IDLOC2                           00002002
_IDLOC3                           00002003
_LP_OSC                           00003FFC
_PWRTE_OFF                        00003FFF
_PWRTE_ON                         00003FF7
_RC_OSC                           00003FFF
_WDT_OFF                          00003FFB
_WDT_ON                           00003FFF
_XT_OSC                           00003FFD
__16F84                           00000001
__DEBUG                           1
button_apasat                     0000000F
button_end                        00000014
button_neapasat                   00000008
delay_1ms                         00000017
delay_half_ms                     0000001E
delay_third_ms                    00000025
i                                 00000020
j                                 00000021
loop_j                            00000019
loop_ji                           00000020
loop_jiy                          00000027
main                              00000000
MPASM  5.41                           PWM.ASM   11-9-2017  11:17:26         PAGE  5


MEMORY USAGE MAP ('X' = Used,  '-' = Unused)


0000 : XXXXXXXXXXXXXXXX XXXXXXXXXXXXXXXX XXXXXXXXXXXX---- ----------------

All other memory blocks unused.

Program Memory Words Used:    44
Program Memory Words Free:   980


Errors   :     0
Warnings :     4 reported,     0 suppressed
Messages :     1 reported,     0 suppressed

