Message[301] C:\PROGRAM FILES\MICROCHIP\MPASM SUITE\P16F887.INC 33 : MESSAGE: (Processor-header file mismatch.  Verify selected processor.)
Warning[205] C:\USERS\ALIN\DESKTOP\ANUL4\MM\PROIECTMM\TRICRESC.ASM 12 : Found directive in column 1. (org)
Warning[203] C:\USERS\ALIN\DESKTOP\ANUL4\MM\PROIECTMM\TRICRESC.ASM 13 : Found opcode in column 1. (goto)
Warning[205] C:\USERS\ALIN\DESKTOP\ANUL4\MM\PROIECTMM\TRICRESC.ASM 14 : Found directive in column 1. (org)
Message[302] C:\USERS\ALIN\DESKTOP\ANUL4\MM\PROIECTMM\TRICRESC.ASM 18 : Register in operand not in bank 0.  Ensure that bank bits are correct.
Warning[207] C:\USERS\ALIN\DESKTOP\ANUL4\MM\PROIECTMM\TRICRESC.ASM 25 : Found label after column 1. (TriCresc)
Warning[207] C:\USERS\ALIN\DESKTOP\ANUL4\MM\PROIECTMM\TRICRESC.ASM 36 : Found label after column 1. (Loop1TriCresc)
Warning[207] C:\USERS\ALIN\DESKTOP\ANUL4\MM\PROIECTMM\TRICRESC.ASM 54 : Found label after column 1. (Loop0TriCresc)
Warning[207] C:\USERS\ALIN\DESKTOP\ANUL4\MM\PROIECTMM\TRICRESC.ASM 72 : Found label after column 1. (SfTriCresc)
Warning[207] C:\USERS\ALIN\DESKTOP\ANUL4\MM\PROIECTMM\TRICRESC.ASM 76 : Found label after column 1. (TriDescresc)
Warning[207] C:\USERS\ALIN\DESKTOP\ANUL4\MM\PROIECTMM\TRICRESC.ASM 91 : Found label after column 1. (Loop1TriDescresc)
Warning[207] C:\USERS\ALIN\DESKTOP\ANUL4\MM\PROIECTMM\TRICRESC.ASM 104 : Found label after column 1. (Loop0TriDescresc)
Warning[207] C:\USERS\ALIN\DESKTOP\ANUL4\MM\PROIECTMM\TRICRESC.ASM 122 : Found label after column 1. (SfTriDescresc)
Warning[207] C:\USERS\ALIN\DESKTOP\ANUL4\MM\PROIECTMM\TRICRESC.ASM 139 : Found label after column 1. (Loop1TriCresc2)
Warning[207] C:\USERS\ALIN\DESKTOP\ANUL4\MM\PROIECTMM\TRICRESC.ASM 157 : Found label after column 1. (Loop0TriCresc2)
Warning[207] C:\USERS\ALIN\DESKTOP\ANUL4\MM\PROIECTMM\TRICRESC.ASM 175 : Found label after column 1. (SfTriCresc2)
Warning[207] C:\USERS\ALIN\DESKTOP\ANUL4\MM\PROIECTMM\TRICRESC.ASM 179 : Found label after column 1. (TriDescresc2)
Warning[207] C:\USERS\ALIN\DESKTOP\ANUL4\MM\PROIECTMM\TRICRESC.ASM 193 : Found label after column 1. (Loop1TriDescresc2)
Warning[207] C:\USERS\ALIN\DESKTOP\ANUL4\MM\PROIECTMM\TRICRESC.ASM 210 : Found label after column 1. (Loop0TriDescresc2)
Warning[207] C:\USERS\ALIN\DESKTOP\ANUL4\MM\PROIECTMM\TRICRESC.ASM 228 : Found label after column 1. (SfTriDescresc2)
Warning[207] C:\USERS\ALIN\DESKTOP\ANUL4\MM\PROIECTMM\TRICRESC.ASM 241 : Found label after column 1. (LoopC1)
Warning[207] C:\USERS\ALIN\DESKTOP\ANUL4\MM\PROIECTMM\TRICRESC.ASM 245 : Found label after column 1. (LoopC2)
Warning[203] C:\USERS\ALIN\DESKTOP\ANUL4\MM\PROIECTMM\TRICRESC.ASM 252 : Found opcode in column 1. (RETURN)
Warning[203] C:\USERS\ALIN\DESKTOP\ANUL4\MM\PROIECTMM\TRICRESC.ASM 255 : Found opcode in column 1. (MOVLW)
Warning[203] C:\USERS\ALIN\DESKTOP\ANUL4\MM\PROIECTMM\TRICRESC.ASM 256 : Found opcode in column 1. (MOVWF)
Warning[207] C:\USERS\ALIN\DESKTOP\ANUL4\MM\PROIECTMM\TRICRESC.ASM 261 : Found label after column 1. (LoopC1_2)
Warning[207] C:\USERS\ALIN\DESKTOP\ANUL4\MM\PROIECTMM\TRICRESC.ASM 265 : Found label after column 1. (LoopC2_2)
Warning[203] C:\USERS\ALIN\DESKTOP\ANUL4\MM\PROIECTMM\TRICRESC.ASM 275 : Found opcode in column 1. (RETURN)
Warning[205] C:\USERS\ALIN\DESKTOP\ANUL4\MM\PROIECTMM\TRICRESC.ASM 276 : Found directive in column 1. (end)
