MPASM  5.41                      TRICRESC.ASM   12-16-2017  12:56:31         PAGE  1


LOC  OBJECT CODE     LINE SOURCE TEXT
  VALUE

                      00001 #include p16f887.inc
                      00001         LIST
                      00002 
                      00003 ;==========================================================================
                      00004 ;  MPASM PIC16F887 processor include
                      00005 ; 
                      00006 ;  (c) Copyright 1999-2011 Microchip Technology, All rights reserved
                      00007 ;==========================================================================
                      00008 
Message[301]: MESSAGE: (Processor-header file mismatch.  Verify selected processor.)
                      00789         LIST
                      00002 
  00000020            00003 i               equ 0x20
  00000021            00004 j               equ 0x21
  00000022            00005 N               equ 0x22
  00000023            00006 c1              equ 0x23
  00000024            00007 c2              equ 0x24
  00000025            00008 c1_2    equ 0x25
  00000026            00009 c2_2    equ 0x26
  00000027            00010 c0_2    equ 0x27
                      00011 
Warning[205]: Found directive in column 1. (org)
0000                  00012 org 0x00
Warning[203]: Found opcode in column 1. (goto)
0000   2810           00013 goto main
Warning[205]: Found directive in column 1. (org)
0010                  00014 org 0x10
                      00015 
0010                  00016 main:
0010   1683           00017         BSF STATUS, RP0 ;       portul 1
Message[302]: Register in operand not in bank 0.  Ensure that bank bits are correct.
0011   0188           00018         CLRF TRISD;                     pinii D iesire
0012   1283           00019         BCF STATUS,RP0;         portul 0
                      00020         
0013   300A           00021         MOVLW D'10'
0014   00A2           00022         MOVWF N;                        N=10
0015   01A0           00023         CLRF i;                         i=0
                      00024         
Warning[207]: Found label after column 1. (TriCresc)
0016                  00025         TriCresc:
0016   3001           00026                 MOVLW D'1'
0017   00A1           00027                 MOVWF j;                        j=1;
                      00028                 
                      00029                 ;verificam daca i=0 pentru a nu fi nevoie sa intram in Loop1TriCresc
0018   08A0           00030                 MOVF i,1;                       i=i;
0019   1903           00031                 BTFSC STATUS, Z                 
001A   2826           00032                         GOTO Loop0TriCresc      ;z=1 daca i=0
                      00033                                                                 ;z=0 daca i=1
                      00034                                                                 
                      00035                 ;stam in "1" pana cand j il depaseste pe i
Warning[207]: Found label after column 1. (Loop1TriCresc)
001B                  00036                 Loop1TriCresc:
001B   1788           00037                         BSF PORTD,7                     ; pin7 port D pe '1'
MPASM  5.41                      TRICRESC.ASM   12-16-2017  12:56:31         PAGE  2


LOC  OBJECT CODE     LINE SOURCE TEXT
  VALUE

001C   2082           00038                         CALL delay_20ms
001D   0AA1           00039                         INCF j,1                        ; j++
001E   0821           00040                         MOVF j,0                        ; W=j
001F   0220           00041                         SUBWF i,0                       ; W=i-j
0020   1803           00042                         BTFSC STATUS,C          
0021   281B           00043                                 GOTO Loop1TriCresc              ;c=1 daca i-j>=0
                      00044                                                                                 ;c=0 daca i-j<0 
                      00045                 
                      00046                 
                      00047                 ;verificam daca j a depasit pe N, ceea ce ne spune ca a ajuns la valoarea maxima a PVM
0022   0821           00048                 MOVF j,0                ;W=j
0023   0222           00049                 SUBWF N,0               ;W=N-j
0024   1C03           00050                 BTFSS STATUS,C          
0025   2832           00051                         GOTO SfTriCresc
                      00052                         
                      00053                 ;stam in '0' pana j     il depaseste pe N
Warning[207]: Found label after column 1. (Loop0TriCresc)
0026                  00054                 Loop0TriCresc:
0026   1388           00055                         BCF PORTD,7                     ;pinul 7 port D pe '0'
0027   2082           00056                         CALL delay_20ms
0028   0AA1           00057                         INCF j,1                        ;j++
0029   0821           00058                         MOVF j,0                        ;W=j
002A   0222           00059                         SUBWF N,0                       ;W=N-j
002B   1803           00060                         BTFSC STATUS,C
002C   2826           00061                                 GOTO Loop0TriCresc              ;c=1 N-j>=0
                      00062                                                                                 ;c=0 N-j<0
                      00063                         
                      00064                 ;Incrementam i si ne reintoarcem la inceputul codului   
002D   0AA0           00065                 INCF i,1        ;i++
002E   0820           00066                 MOVF i,0        ;W=i
002F   0222           00067                 SUBWF N,0       ;W=N-i
0030   1803           00068                 BTFSC STATUS,C
0031   2816           00069                         GOTO TriCresc   ;c=1 N-i>=0
                      00070                                                         ;c=0 N-i<0
                      00071                                                         
Warning[207]: Found label after column 1. (SfTriCresc)
0032                  00072         SfTriCresc:
                      00073 
                      00074 
                      00075         
Warning[207]: Found label after column 1. (TriDescresc)
0032                  00076         TriDescresc:
                      00077         
                      00078                 
0032   3001           00079                 MOVLW D'1'
0033   00A1           00080                 MOVWF j;                        j=1;
                      00081                 
                      00082 
                      00083 
                      00084         ;verificam daca i=0 pentru a nu fi nevoie sa intram in Loop1TriCresc
0034   08A0           00085                 MOVF i,1;                       i=i;
0035   1903           00086                 BTFSC STATUS, Z                 
0036   283E           00087                         GOTO Loop0TriDescresc   ;z=1 daca i=0
MPASM  5.41                      TRICRESC.ASM   12-16-2017  12:56:31         PAGE  3


LOC  OBJECT CODE     LINE SOURCE TEXT
  VALUE

                      00088                                                                 ;z=0 daca i=1
                      00089                 
                      00090                 ;stam in "1" pana cand j il depaseste pe i
Warning[207]: Found label after column 1. (Loop1TriDescresc)
0037                  00091                 Loop1TriDescresc
0037   1788           00092                         BSF PORTD,7                     ; pin7 port D pe '1'
0038   2082           00093                         CALL delay_20ms
0039   0AA1           00094                         INCF j,1                        ; j++
003A   0821           00095                         MOVF j,0                        ; W=j
003B   0220           00096                         SUBWF i,0                       ; W=i-j
003C   1803           00097                         BTFSC STATUS,C          
003D   2837           00098                                 GOTO Loop1TriDescresc           ;c=1 daca i-j>=0
                      00099                                                                                         ;c=0 daca i-j<0 
                      00100                 
                      00101         
                      00102                                                                 
                      00103                 ;stam in '0' pana j     il depaseste pe N                                               
Warning[207]: Found label after column 1. (Loop0TriDescresc)
003E                  00104                 Loop0TriDescresc:
003E   1388           00105                         BCF PORTD,7                     ;pinul 7 port D pe '0'
003F   2082           00106                         CALL delay_20ms
0040   0AA1           00107                         INCF j,1                        ;j++
0041   0821           00108                         MOVF j,0                        ;W=j
0042   0222           00109                         SUBWF N,0                       ;W=N-j
0043   1803           00110                         BTFSC STATUS,C
0044   283E           00111                                 GOTO Loop0TriDescresc           ;c=1 N-j>=0
                      00112                         ;Decrementam i si ne reintoarcem la inceputul codului   
0045   03A0           00113                 DECF i,1        ;i--
0046   0820           00114                 MOVF i,0        ;W=i
0047   1D03           00115                 BTFSS STATUS,Z
0048   2832           00116                         GOTO TriDescresc        ;z=0 i != 0
                      00117                                                                 ;z=1 i == 0                     
                      00118                                                                 
                      00119                                                                                                         
                                            
                      00120                                                                                 
                      00121                                 
Warning[207]: Found label after column 1. (SfTriDescresc)
0049                  00122         SfTriDescresc:                                                                  
                      00123                 
                      00124                         
                      00125                         
                      00126 ; PARTEA A DOUA                 
                      00127 
0049                  00128 TriCresc2:
0049   3001           00129                 MOVLW D'1'
004A   00A1           00130                 MOVWF j;                        j=1;
                      00131                 
                      00132                 ;verificam daca i=0 pentru a nu fi nevoie sa intram in Loop1TriCresc
004B   08A0           00133                 MOVF i,1;                       i=i;
004C   1903           00134                 BTFSC STATUS, Z                 
004D   2859           00135                         GOTO Loop0TriCresc2     ;z=1 daca i=0
                      00136                                                                 ;z=0 daca i=1
MPASM  5.41                      TRICRESC.ASM   12-16-2017  12:56:31         PAGE  4


LOC  OBJECT CODE     LINE SOURCE TEXT
  VALUE

                      00137                                                                 
                      00138                 ;stam in
Warning[207]: Found label after column 1. (Loop1TriCresc2)
004E                  00139                 Loop1TriCresc2:
004E   1788           00140                         BSF PORTD,7                     ; pin7 port D pe '1'
004F   2082           00141                         CALL delay_20ms
0050   0AA1           00142                         INCF j,1                        ; j++
0051   0821           00143                         MOVF j,0                        ; W=j
0052   0220           00144                         SUBWF i,0                       ; W=i-j
0053   1803           00145                         BTFSC STATUS,C          
0054   284E           00146                                 GOTO Loop1TriCresc2             ;c=1 daca i-j>=0
                      00147                                                                                 ;c=0 daca i-j<0 "1" pana
                             cand j il depaseste pe i
                      00148                 
                      00149                 
                      00150                 ;verificam daca j a depasit pe N, ceea ce ne spune ca a ajuns la valoarea maxima a PVM
0055   0821           00151                 MOVF j,0                ;W=j
0056   0222           00152                 SUBWF N,0               ;W=N-j
0057   1C03           00153                 BTFSS STATUS,C          
0058   2865           00154                         GOTO SfTriCresc2
                      00155                         
                      00156                 ;stam in '0' pana j     il depaseste pe N
Warning[207]: Found label after column 1. (Loop0TriCresc2)
0059                  00157                 Loop0TriCresc2:
0059   1388           00158                         BCF PORTD,7                     ;pinul 7 port D pe '0'
005A   2082           00159                         CALL delay_20ms
005B   0AA1           00160                         INCF j,1                        ;j++
005C   0821           00161                         MOVF j,0                        ;W=j
005D   0222           00162                         SUBWF N,0                       ;W=N-j
005E   1803           00163                         BTFSC STATUS,C
005F   2859           00164                                 GOTO Loop0TriCresc2             ;c=1 N-j>=0
                      00165                                                                                 ;c=0 N-j<0
                      00166                         
                      00167                 ;Incrementam i si ne reintoarcem la inceputul codului   
0060   0AA0           00168                 INCF i,1        ;i++
0061   0820           00169                 MOVF i,0        ;W=i
0062   0222           00170                 SUBWF N,0       ;W=N-i
0063   1803           00171                 BTFSC STATUS,C
0064   2849           00172                         GOTO TriCresc2  ;c=1 N-i>=0
                      00173                                                         ;c=0 N-i<0
                      00174                                                         
Warning[207]: Found label after column 1. (SfTriCresc2)
0065                  00175         SfTriCresc2:
                      00176 
0065   208C           00177         CALL delay_2sec
                      00178 
Warning[207]: Found label after column 1. (TriDescresc2)
0066                  00179         TriDescresc2:   
                      00180                 
0066   3001           00181                 MOVLW D'1'
0067   00A1           00182                 MOVWF j;                        j=1;
                      00183                 
                      00184         
MPASM  5.41                      TRICRESC.ASM   12-16-2017  12:56:31         PAGE  5


LOC  OBJECT CODE     LINE SOURCE TEXT
  VALUE

                      00185                 ;verificam daca i este mai mare decat N
0068   0820           00186                 MOVF i,0                ; W=i
0069   0222           00187                 SUBWF N,0               ; W=N-i
006A   1C03           00188                 BTFSS STATUS, C 
006B   286C           00189                         GOTO Loop1TriDescresc2  ;c=0 daca N-i<0
                      00190                                                                         ;c=1 daca N-j>=0
                      00191                 
                      00192                 ;stam in
Warning[207]: Found label after column 1. (Loop1TriDescresc2)
006C                  00193                 Loop1TriDescresc2
006C   1788           00194                         BSF PORTD,7                     ; pin7 port D pe '1'
006D   2082           00195                         CALL delay_20ms
006E   0AA1           00196                         INCF j,1                        ; j++
006F   0821           00197                         MOVF j,0                        ; W=j
0070   0220           00198                         SUBWF i,0                       ; W=i-j
0071   1803           00199                         BTFSC STATUS,C          
0072   286C           00200                                 GOTO Loop1TriDescresc2          ;c=1 daca i-j>=0
                      00201                                                                                         ;c=0 daca i-j<0 
                            "1" pana cand j il depaseste pe i
                      00202                 
                      00203                 ;verificam daca i=0 pentru a nu fi nevoie sa intram in Loop1TriCresc
0073   08A0           00204                 MOVF i,1;                       i=i;
0074   1903           00205                 BTFSC STATUS, Z                 
0075   2876           00206                         GOTO Loop0TriDescresc2  ;z=1 daca i=0
                      00207                                                                 ;z=0 daca i=1
                      00208                                                                 
                      00209                 ;stam in '0' pana j     il depaseste pe N                                               
Warning[207]: Found label after column 1. (Loop0TriDescresc2)
0076                  00210                 Loop0TriDescresc2:
0076   1388           00211                         BCF PORTD,7                     ;pinul 7 port D pe '0'
0077   2082           00212                         CALL delay_20ms
0078   0AA1           00213                         INCF j,1                        ;j++
0079   0821           00214                         MOVF j,0                        ;W=j
007A   0222           00215                         SUBWF N,0                       ;W=N-j
007B   1803           00216                         BTFSC STATUS,C
007C   2876           00217                                 GOTO Loop0TriDescresc2          ;c=1 N-j>=0
                      00218                                 
                      00219                 ;Decrementam i si ne reintoarcem la inceputul codului   
007D   03A0           00220                 DECF i,1        ;i--
007E   0820           00221                 MOVF i,0        ;W=i
007F   1D03           00222                 BTFSS STATUS,Z
0080   2866           00223                         GOTO TriDescresc2       ;z=0 i != 0
                      00224                                                                 ;z=1 i == 0                     
                      00225                                                                 
                      00226                                                                                 
                      00227                                 
Warning[207]: Found label after column 1. (SfTriDescresc2)
0081                  00228         SfTriDescresc2:                                                                 
                      00229                 
                      00230 
                      00231 
                      00232 
                      00233 
MPASM  5.41                      TRICRESC.ASM   12-16-2017  12:56:31         PAGE  6


LOC  OBJECT CODE     LINE SOURCE TEXT
  VALUE

                      00234 
0081   0000           00235         NOP
                      00236 
0082                  00237 delay_20ms:
0082   3002           00238         MOVLW D'2'
0083   00A3           00239         MOVWF c1                ;c1=20
                      00240         
Warning[207]: Found label after column 1. (LoopC1)
0084                  00241         LoopC1:
0084   300A           00242                 MOVLW D'10'
0085   00A4           00243                 MOVWF c2                ;c2=250
                      00244                 
Warning[207]: Found label after column 1. (LoopC2)
0086                  00245                 LoopC2:
0086   0000           00246                         NOP                             ;1CM 
0087   0BA4           00247                         DECFSZ c2,1             ;1-2CM  ;C2-- pana cand ajunge la 0 si executa urmatoare
                            a linie,
                      00248                                                                         ;sare peste daca ajunge la valoa
                            rea 0 
0088   2886           00249                         GOTO LoopC2             ;2CM
0089   0BA3           00250                 DECFSZ c1,1
008A   2884           00251                 GOTO LoopC1
Warning[203]: Found opcode in column 1. (RETURN)
008B   0008           00252 RETURN
                      00253 
008C                  00254 delay_2sec:
Warning[203]: Found opcode in column 1. (MOVLW)
008C   300A           00255 MOVLW D'10'
Warning[203]: Found opcode in column 1. (MOVWF)
008D   00A7           00256 MOVWF c0_2                                      ;c0_2= 100
008E                  00257 LoopC0_2:
008E   3014           00258         MOVLW D'20'
008F   00A5           00259         MOVWF c1_2                              ;c1_0=20
                      00260         
Warning[207]: Found label after column 1. (LoopC1_2)
0090                  00261         LoopC1_2:
0090   300A           00262                 MOVLW D'10'
0091   00A6           00263                 MOVWF c2_2                      ;c2_0=250
                      00264                 
Warning[207]: Found label after column 1. (LoopC2_2)
0092                  00265                 LoopC2_2:
0092   0000           00266                         NOP                             ;1CM 
0093   0BA6           00267                         DECFSZ c2_2,1           ;1-2CM  ;C2-- pana cand ajunge la 0 si executa urmatoare
                            a linie,
                      00268                                                                         ;sare peste daca ajunge la valoa
                            rea 0 
0094   2892           00269                         GOTO LoopC2_2           ;2CM
0095   0BA5           00270                 DECFSZ c1_2,1
0096   2890           00271                 GOTO LoopC1_2
0097   0BA7           00272         DECFSZ c0_2,1
0098   288E           00273         GOTO LoopC0_2
                      00274 
Warning[203]: Found opcode in column 1. (RETURN)
MPASM  5.41                      TRICRESC.ASM   12-16-2017  12:56:31         PAGE  7


LOC  OBJECT CODE     LINE SOURCE TEXT
  VALUE

0099   0008           00275 RETURN
Warning[205]: Found directive in column 1. (end)
                      00276 end
MPASM  5.41                      TRICRESC.ASM   12-16-2017  12:56:31         PAGE  8


SYMBOL TABLE
  LABEL                             VALUE 

ABDEN                             00000000
ABDOVF                            00000007
ACKDT                             00000005
ACKEN                             00000004
ACKSTAT                           00000006
ADCON0                            0000001F
ADCON1                            0000009F
ADCS0                             00000006
ADCS1                             00000007
ADDEN                             00000003
ADFM                              00000007
ADIE                              00000006
ADIF                              00000006
ADON                              00000000
ADRESH                            0000001E
ADRESL                            0000009E
ANS0                              00000000
ANS1                              00000001
ANS10                             00000002
ANS11                             00000003
ANS12                             00000004
ANS13                             00000005
ANS2                              00000002
ANS3                              00000003
ANS4                              00000004
ANS5                              00000005
ANS6                              00000006
ANS7                              00000007
ANS8                              00000000
ANS9                              00000001
ANSEL                             00000188
ANSELH                            00000189
BAUDCTL                           00000187
BCLIE                             00000003
BCLIF                             00000003
BF                                00000000
BRG0                              00000000
BRG1                              00000001
BRG10                             00000002
BRG11                             00000003
BRG12                             00000004
BRG13                             00000005
BRG14                             00000006
BRG15                             00000007
BRG16                             00000003
BRG2                              00000002
BRG3                              00000003
BRG4                              00000004
BRG5                              00000005
BRG6                              00000006
BRG7                              00000007
BRG8                              00000000
BRG9                              00000001
MPASM  5.41                      TRICRESC.ASM   12-16-2017  12:56:31         PAGE  9


SYMBOL TABLE
  LABEL                             VALUE 

BRGH                              00000002
C                                 00000000
C1CH0                             00000000
C1CH1                             00000001
C1IE                              00000005
C1IF                              00000005
C1OE                              00000005
C1ON                              00000007
C1OUT                             00000006
C1POL                             00000004
C1R                               00000002
C1RSEL                            00000005
C1SEN                             00000005
C2CH0                             00000000
C2CH1                             00000001
C2IE                              00000006
C2IF                              00000006
C2OE                              00000005
C2ON                              00000007
C2OUT                             00000006
C2POL                             00000004
C2R                               00000002
C2REN                             00000004
C2RSEL                            00000004
C2SYNC                            00000000
CCP1CON                           00000017
CCP1IE                            00000002
CCP1IF                            00000002
CCP1M0                            00000000
CCP1M1                            00000001
CCP1M2                            00000002
CCP1M3                            00000003
CCP1X                             00000005
CCP1Y                             00000004
CCP2CON                           0000001D
CCP2IE                            00000000
CCP2IF                            00000000
CCP2M0                            00000000
CCP2M1                            00000001
CCP2M2                            00000002
CCP2M3                            00000003
CCP2X                             00000005
CCP2Y                             00000004
CCPR1H                            00000016
CCPR1L                            00000015
CCPR2H                            0000001C
CCPR2L                            0000001B
CHS0                              00000002
CHS1                              00000003
CHS2                              00000004
CHS3                              00000005
CKE                               00000006
CKP                               00000004
MPASM  5.41                      TRICRESC.ASM   12-16-2017  12:56:31         PAGE 10


SYMBOL TABLE
  LABEL                             VALUE 

CM1CON0                           00000107
CM2CON0                           00000108
CM2CON1                           00000109
CREN                              00000004
CSRC                              00000007
D                                 00000005
DATA_ADDRESS                      00000005
DC                                00000001
DC1B0                             00000004
DC1B1                             00000005
DC2B0                             00000004
DC2B1                             00000005
D_A                               00000005
D_NOT_A                           00000005
ECCPAS                            0000009C
ECCPAS0                           00000004
ECCPAS1                           00000005
ECCPAS2                           00000006
ECCPASE                           00000007
EEADR                             0000010D
EEADRH                            0000010F
EECON1                            0000018C
EECON2                            0000018D
EEDAT                             0000010C
EEDATA                            0000010C
EEDATH                            0000010E
EEIE                              00000004
EEIF                              00000004
EEPGD                             00000007
F                                 00000001
FERR                              00000002
FSR                               00000004
FVREN                             00000000
GCEN                              00000007
GIE                               00000007
GO                                00000001
GO_DONE                           00000001
GO_NOT_DONE                       00000001
HTS                               00000002
I2C_DATA                          00000005
I2C_READ                          00000002
I2C_START                         00000003
I2C_STOP                          00000004
INDF                              00000000
INTCON                            0000000B
INTE                              00000004
INTEDG                            00000006
INTF                              00000001
IOCB                              00000096
IOCB0                             00000000
IOCB1                             00000001
IOCB2                             00000002
IOCB3                             00000003
MPASM  5.41                      TRICRESC.ASM   12-16-2017  12:56:31         PAGE 11


SYMBOL TABLE
  LABEL                             VALUE 

IOCB4                             00000004
IOCB5                             00000005
IOCB6                             00000006
IOCB7                             00000007
IRCF0                             00000004
IRCF1                             00000005
IRCF2                             00000006
IRP                               00000007
LTS                               00000001
Loop0TriCresc                     00000026
Loop0TriCresc2                    00000059
Loop0TriDescresc                  0000003E
Loop0TriDescresc2                 00000076
Loop1TriCresc                     0000001B
Loop1TriCresc2                    0000004E
Loop1TriDescresc                  00000037
Loop1TriDescresc2                 0000006C
LoopC0_2                          0000008E
LoopC1                            00000084
LoopC1_2                          00000090
LoopC2                            00000086
LoopC2_2                          00000092
MC1OUT                            00000007
MC2OUT                            00000006
MSK                               00000093
MSK0                              00000000
MSK1                              00000001
MSK2                              00000002
MSK3                              00000003
MSK4                              00000004
MSK5                              00000005
MSK6                              00000006
MSK7                              00000007
N                                 00000022
NOT_A                             00000005
NOT_ADDRESS                       00000005
NOT_BO                            00000000
NOT_BOR                           00000000
NOT_DONE                          00000001
NOT_PD                            00000003
NOT_POR                           00000001
NOT_RBPU                          00000007
NOT_RC8                           00000006
NOT_T1SYNC                        00000002
NOT_TO                            00000004
NOT_TX8                           00000006
NOT_W                             00000002
NOT_WRITE                         00000002
OERR                              00000001
OPTION_REG                        00000081
OSCCON                            0000008F
OSCTUNE                           00000090
OSFIE                             00000007
MPASM  5.41                      TRICRESC.ASM   12-16-2017  12:56:31         PAGE 12


SYMBOL TABLE
  LABEL                             VALUE 

OSFIF                             00000007
OSTS                              00000003
P                                 00000004
P1M0                              00000006
P1M1                              00000007
PCL                               00000002
PCLATH                            0000000A
PCON                              0000008E
PDC0                              00000000
PDC1                              00000001
PDC2                              00000002
PDC3                              00000003
PDC4                              00000004
PDC5                              00000005
PDC6                              00000006
PEIE                              00000006
PEN                               00000002
PIE1                              0000008C
PIE2                              0000008D
PIR1                              0000000C
PIR2                              0000000D
PORTA                             00000005
PORTB                             00000006
PORTC                             00000007
PORTD                             00000008
PORTE                             00000009
PR2                               00000092
PRSEN                             00000007
PS0                               00000000
PS1                               00000001
PS2                               00000002
PSA                               00000003
PSSAC0                            00000002
PSSAC1                            00000003
PSSBD0                            00000000
PSSBD1                            00000001
PSTRCON                           0000009D
PULSR                             00000002
PULSS                             00000003
PWM1CON                           0000009B
R                                 00000002
RA0                               00000000
RA1                               00000001
RA2                               00000002
RA3                               00000003
RA4                               00000004
RA5                               00000005
RA6                               00000006
RA7                               00000007
RB0                               00000000
RB1                               00000001
RB2                               00000002
RB3                               00000003
MPASM  5.41                      TRICRESC.ASM   12-16-2017  12:56:31         PAGE 13


SYMBOL TABLE
  LABEL                             VALUE 

RB4                               00000004
RB5                               00000005
RB6                               00000006
RB7                               00000007
RBIE                              00000003
RBIF                              00000000
RC0                               00000000
RC1                               00000001
RC2                               00000002
RC3                               00000003
RC4                               00000004
RC5                               00000005
RC6                               00000006
RC7                               00000007
RC8_9                             00000006
RC9                               00000006
RCD8                              00000000
RCEN                              00000003
RCIDL                             00000006
RCIE                              00000005
RCIF                              00000005
RCREG                             0000001A
RCSTA                             00000018
RD                                00000000
RD0                               00000000
RD1                               00000001
RD2                               00000002
RD3                               00000003
RD4                               00000004
RD5                               00000005
RD6                               00000006
RD7                               00000007
RE0                               00000000
RE1                               00000001
RE2                               00000002
RE3                               00000003
READ_WRITE                        00000002
RP0                               00000005
RP1                               00000006
RSEN                              00000001
RX9                               00000006
RX9D                              00000000
R_NOT_W                           00000002
R_W                               00000002
S                                 00000003
SBOREN                            00000004
SCKP                              00000004
SCS                               00000000
SEN                               00000000
SENDB                             00000003
SMP                               00000007
SPBRG                             00000099
SPBRGH                            0000009A
MPASM  5.41                      TRICRESC.ASM   12-16-2017  12:56:31         PAGE 14


SYMBOL TABLE
  LABEL                             VALUE 

SPEN                              00000007
SR0                               00000006
SR1                               00000007
SRCON                             00000185
SREN                              00000005
SSPADD                            00000093
SSPBUF                            00000013
SSPCON                            00000014
SSPCON2                           00000091
SSPEN                             00000005
SSPIE                             00000003
SSPIF                             00000003
SSPM0                             00000000
SSPM1                             00000001
SSPM2                             00000002
SSPM3                             00000003
SSPMSK                            00000093
SSPOV                             00000006
SSPSTAT                           00000094
STATUS                            00000003
STRA                              00000000
STRB                              00000001
STRC                              00000002
STRD                              00000003
STRSYNC                           00000004
SWDTEN                            00000000
SYNC                              00000004
SfTriCresc                        00000032
SfTriCresc2                       00000065
SfTriDescresc                     00000049
SfTriDescresc2                    00000081
T0CS                              00000005
T0IE                              00000005
T0IF                              00000002
T0SE                              00000004
T1CKPS0                           00000004
T1CKPS1                           00000005
T1CON                             00000010
T1GINV                            00000007
T1GIV                             00000007
T1GSS                             00000001
T1INSYNC                          00000002
T1OSCEN                           00000003
T1SYNC                            00000002
T2CKPS0                           00000000
T2CKPS1                           00000001
T2CON                             00000012
TMR0                              00000001
TMR0IE                            00000005
TMR0IF                            00000002
TMR1CS                            00000001
TMR1GE                            00000006
TMR1H                             0000000F
MPASM  5.41                      TRICRESC.ASM   12-16-2017  12:56:31         PAGE 15


SYMBOL TABLE
  LABEL                             VALUE 

TMR1IE                            00000000
TMR1IF                            00000000
TMR1L                             0000000E
TMR1ON                            00000000
TMR2                              00000011
TMR2IE                            00000001
TMR2IF                            00000001
TMR2ON                            00000002
TOUTPS0                           00000003
TOUTPS1                           00000004
TOUTPS2                           00000005
TOUTPS3                           00000006
TRISA                             00000085
TRISA0                            00000000
TRISA1                            00000001
TRISA2                            00000002
TRISA3                            00000003
TRISA4                            00000004
TRISA5                            00000005
TRISA6                            00000006
TRISA7                            00000007
TRISB                             00000086
TRISB0                            00000000
TRISB1                            00000001
TRISB2                            00000002
TRISB3                            00000003
TRISB4                            00000004
TRISB5                            00000005
TRISB6                            00000006
TRISB7                            00000007
TRISC                             00000087
TRISC0                            00000000
TRISC1                            00000001
TRISC2                            00000002
TRISC3                            00000003
TRISC4                            00000004
TRISC5                            00000005
TRISC6                            00000006
TRISC7                            00000007
TRISD                             00000088
TRISD0                            00000000
TRISD1                            00000001
TRISD2                            00000002
TRISD3                            00000003
TRISD4                            00000004
TRISD5                            00000005
TRISD6                            00000006
TRISD7                            00000007
TRISE                             00000089
TRISE0                            00000000
TRISE1                            00000001
TRISE2                            00000002
TRISE3                            00000003
MPASM  5.41                      TRICRESC.ASM   12-16-2017  12:56:31         PAGE 16


SYMBOL TABLE
  LABEL                             VALUE 

TRMT                              00000001
TUN0                              00000000
TUN1                              00000001
TUN2                              00000002
TUN3                              00000003
TUN4                              00000004
TX8_9                             00000006
TX9                               00000006
TX9D                              00000000
TXD8                              00000000
TXEN                              00000005
TXIE                              00000004
TXIF                              00000004
TXREG                             00000019
TXSTA                             00000098
TriCresc                          00000016
TriCresc2                         00000049
TriDescresc                       00000032
TriDescresc2                      00000066
UA                                00000001
ULPWUE                            00000005
ULPWUIE                           00000002
ULPWUIF                           00000002
VCFG0                             00000004
VCFG1                             00000005
VR0                               00000000
VR1                               00000001
VR2                               00000002
VR3                               00000003
VRCON                             00000097
VREN                              00000007
VROE                              00000006
VRR                               00000005
VRSS                              00000004
W                                 00000000
WCOL                              00000007
WDTCON                            00000105
WDTPS0                            00000001
WDTPS1                            00000002
WDTPS2                            00000003
WDTPS3                            00000004
WPUB                              00000095
WPUB0                             00000000
WPUB1                             00000001
WPUB2                             00000002
WPUB3                             00000003
WPUB4                             00000004
WPUB5                             00000005
WPUB6                             00000006
WPUB7                             00000007
WR                                00000001
WREN                              00000002
WRERR                             00000003
MPASM  5.41                      TRICRESC.ASM   12-16-2017  12:56:31         PAGE 17


SYMBOL TABLE
  LABEL                             VALUE 

WUE                               00000001
Z                                 00000002
_BOR21V                           00003EFF
_BOR40V                           00003FFF
_BOR_NSLEEP                       00003EFF
_BOR_OFF                          00003CFF
_BOR_ON                           00003FFF
_BOR_SBODEN                       00003DFF
_CONFIG1                          00002007
_CONFIG2                          00002008
_CPD_OFF                          00003FFF
_CPD_ON                           00003F7F
_CP_OFF                           00003FFF
_CP_ON                            00003FBF
_DEBUG_OFF                        00003FFF
_DEBUG_ON                         00001FFF
_DEVID1                           00002006
_EC_OSC                           00003FFB
_EXTRC                            00003FFF
_EXTRCIO                          00003FFE
_EXTRC_OSC_CLKOUT                 00003FFF
_EXTRC_OSC_NOCLKOUT               00003FFE
_FCMEN_OFF                        000037FF
_FCMEN_ON                         00003FFF
_HS_OSC                           00003FFA
_IDLOC0                           00002000
_IDLOC1                           00002001
_IDLOC2                           00002002
_IDLOC3                           00002003
_IESO_OFF                         00003BFF
_IESO_ON                          00003FFF
_INTOSC                           00003FFD
_INTOSCIO                         00003FFC
_INTRC_OSC_CLKOUT                 00003FFD
_INTRC_OSC_NOCLKOUT               00003FFC
_LP_OSC                           00003FF8
_LVP_OFF                          00002FFF
_LVP_ON                           00003FFF
_MCLRE_OFF                        00003FDF
_MCLRE_ON                         00003FFF
_PWRTE_OFF                        00003FFF
_PWRTE_ON                         00003FEF
_WDT_OFF                          00003FF7
_WDT_ON                           00003FFF
_WRT_1FOURTH                      00003BFF
_WRT_256                          00003DFF
_WRT_HALF                         000039FF
_WRT_OFF                          00003FFF
_XT_OSC                           00003FF9
__16F877                          00000001
__DEBUG                           1
c0_2                              00000027
c1                                00000023
MPASM  5.41                      TRICRESC.ASM   12-16-2017  12:56:31         PAGE 18


SYMBOL TABLE
  LABEL                             VALUE 

c1_2                              00000025
c2                                00000024
c2_2                              00000026
delay_20ms                        00000082
delay_2sec                        0000008C
i                                 00000020
j                                 00000021
main                              00000010


MEMORY USAGE MAP ('X' = Used,  '-' = Unused)

0000 : X--------------- XXXXXXXXXXXXXXXX XXXXXXXXXXXXXXXX XXXXXXXXXXXXXXXX
0040 : XXXXXXXXXXXXXXXX XXXXXXXXXXXXXXXX XXXXXXXXXXXXXXXX XXXXXXXXXXXXXXXX
0080 : XXXXXXXXXXXXXXXX XXXXXXXXXX------ ---------------- ----------------

All other memory blocks unused.

Program Memory Words Used:   139
Program Memory Words Free:  8053


Errors   :     0
Warnings :    27 reported,     0 suppressed
Messages :     2 reported,     0 suppressed

