MPASM  5.41                        FILTRU.ASM   10-24-2017  17:51:38         PAGE  1


LOC  OBJECT CODE     LINE SOURCE TEXT
  VALUE

                      00001 #include p16f84.inc
                      00001         LIST
                      00002 
                      00003 ;==========================================================================
                      00004 ;  MPASM PIC16F84 processor include
                      00005 ; 
                      00006 ;  (c) Copyright 1999-2011 Microchip Technology, All rights reserved
                      00007 ;==========================================================================
                      00008 
                      00199         LIST
                      00002 
                      00003 ; Enunt: sa se scrie un program ASM in care sa se implementeze filtrul recurent
                      00004 ; definit de relatia: Yn = 1.2 * X0 - 0.9 * X1 - 0.7 Yn-1.
                      00005 
                      00006 ;       Pentru a nu folosi variabile in format cu virgula mobila, se inmultesc valorile 
                      00007 ; valorile constante cu un factor putere a lui 2. Factorul este putere a lui 2 pentru
                      00008 ; a se folosi instructiuni de shiftare in locul celor de impartire.
                      00009 
                      00010 ; 1.2 * 32 = 38.4 ==> 38
                      00011 ; 0.9 * 32 = 28.8 ==> 29                      S-a ales factorul 32 = 2 ^ 5
                      00012 ; 0.7 * 32 = 22.4 ==> 22
                      00013 
                      00014 ; ScorpionIPX
                      00015 
                      00016 #define FACTOR D'32'
                      00017 #define FACTOR_POW D'5'
                      00018 
                      00019 #define CONSTANT_0 D'38'
                      00020 #define CONSTANT_1 D'29'
                      00021 #define CONSTANT_2 D'22'
                      00022 
                      00023 #define INIT_Y_L D'3'
                      00024 #define INIT_Y_H D'0'
                      00025 #define NUM_ITERATION D'5' 
                      00026 
                      00027 ;assign memory for variables
  00000020            00028 x0 equ 0x20
  00000021            00029 x1 equ 0x21
                      00030 
  00000022            00031 y0_L equ 0x22
  00000023            00032 y0_H equ 0x23
                      00033 
  00000024            00034 y1_L equ 0x24
  00000025            00035 y1_H equ 0x25
                      00036 
  00000026            00037 i equ 0x26
                      00038 
  00000027            00039 aux_L equ 0x27
  00000028            00040 aux_H equ 0x28
                      00041 
                      00042 
0000                  00043 main:
                      00044         ; assign values to variables
MPASM  5.41                        FILTRU.ASM   10-24-2017  17:51:38         PAGE  2


LOC  OBJECT CODE     LINE SOURCE TEXT
  VALUE

                      00045 
0000   300F           00046         MOVLW D'15'; W <- 15
0001   00A0           00047         MOVWF x0; x0 <- 15
                      00048 
0002   3007           00049         MOVLW D'7'; W <- 7
0003   00A1           00050         MOVWF x1; x1 <- 7
                      00051 
0004   3003           00052         MOVLW INIT_Y_L; W <- INIT_Y_L
0005   00A2           00053         MOVWF y0_L; y0_H <- INIT_Y_L
                      00054 
0006   3000           00055         MOVLW INIT_Y_H; W <- INIT_Y_H
0007   00A3           00056         MOVWF y0_H; y0_H <- INIT_Y_H
                      00057 
                      00058         
0008   3000           00059         MOVLW D'0'; W <- 0
0009   00A4           00060         MOVWF y1_L; y1_L <- 0
000A   00A5           00061         MOVWF y1_H; y1_H <- 0
000B   00A7           00062         MOVWF aux_L; aux_L <- 0
000C   00A8           00063         MOVWF aux_H; aux_H <- 0
                      00064 
000D   0000           00065         NOP
                      00066 
000E   3005           00067         MOVLW NUM_ITERATION; W<- NUM_ITERATION
000F   00A6           00068         MOVWF i; i <- W
                      00069 
0010   0000           00070         NOP
                      00071 
0011   08A6           00072         MOVF i, 1;
0012   0000           00073         NOP
0013   1D26           00074         BTFSS i, Z; skip if i is non zero
0014   282B           00075         GOTO END_
                      00076 
Warning[207]: Found label after column 1. (ITER_LOOP)
0015                  00077         ITER_LOOP:
                      00078 
0015   0000           00079                 NOP
                      00080 
0016   201B           00081                 CALL CALC_Y
                      00082 
0017   0000           00083                 NOP
                      00084 
Message[305]: Using default destination of 1 (file).
0018   0BA6           00085                 DECFSZ i; if i is zero, skip
0019   2815           00086                 GOTO ITER_LOOP
                      00087 
001A   282B           00088                 GOTO END_
                      00089 
                      00090         
Warning[207]: Found label after column 1. (CALC_Y)
001B                  00091         CALC_Y:
                      00092                 
001B   3000           00093                 MOVLW D'0'; W <- 0
001C   00A7           00094                 MOVWF aux_L; aux_L <- 0
MPASM  5.41                        FILTRU.ASM   10-24-2017  17:51:38         PAGE  3


LOC  OBJECT CODE     LINE SOURCE TEXT
  VALUE

001D   00A8           00095                 MOVWF aux_H; aux_H <- 0
                      00096 
001E   3026           00097                 MOVLW CONSTANT_0; W <- CONSTANT_0
001F   0000           00098                 NOP
0020   00A6           00099                 MOVWF i; i <- W
                      00100 
0021   3000           00101                 MOVLW D'0'; W <- 0
                      00102 
0022   0000           00103                 NOP
                      00104 
Warning[207]: Found label after column 1. (CALC_T1)
0023                  00105                 CALC_T1:
0023   0720           00106                         ADDWF x0, 0; W <_ W + x0
0024   00A7           00107                         MOVWF aux_L; aux_L = W
0025   1803           00108                         BTFSC STATUS, C; if overflow, increase auh_H
Message[305]: Using default destination of 1 (file).
0026   0AA8           00109                         INCF aux_H;
                      00110 
0027   0000           00111                         NOP
                      00112         
Message[305]: Using default destination of 1 (file).
0028   0BA6           00113                         DECFSZ i
0029   2823           00114                         GOTO CALC_T1
                      00115 
002A   0008           00116                 RETURN
                      00117         
                      00118 
Warning[207]: Found label after column 1. (END_)
002B                  00119         END_:
002B   0000           00120                 NOP
                      00121         end
MPASM  5.41                        FILTRU.ASM   10-24-2017  17:51:38         PAGE  4


SYMBOL TABLE
  LABEL                             VALUE 

C                                 00000000
CALC_T1                           00000023
CALC_Y                            0000001B
CONSTANT_0                        D'38'
CONSTANT_1                        D'29'
CONSTANT_2                        D'22'
DC                                00000001
EEADR                             00000009
EECON1                            00000088
EECON2                            00000089
EEDATA                            00000008
EEIE                              00000006
EEIF                              00000004
END_                              0000002B
F                                 00000001
FACTOR                            D'32'
FACTOR_POW                        D'5'
FSR                               00000004
GIE                               00000007
INDF                              00000000
INIT_Y_H                          D'0'
INIT_Y_L                          D'3'
INTCON                            0000000B
INTE                              00000004
INTEDG                            00000006
INTF                              00000001
IRP                               00000007
ITER_LOOP                         00000015
NOT_PD                            00000003
NOT_RBPU                          00000007
NOT_TO                            00000004
NUM_ITERATION                     D'5'
OPTION_REG                        00000081
PCL                               00000002
PCLATH                            0000000A
PORTA                             00000005
PORTB                             00000006
PS0                               00000000
PS1                               00000001
PS2                               00000002
PSA                               00000003
RA0                               00000000
RA1                               00000001
RA2                               00000002
RA3                               00000003
RA4                               00000004
RB0                               00000000
RB1                               00000001
RB2                               00000002
RB3                               00000003
RB4                               00000004
RB5                               00000005
RB6                               00000006
MPASM  5.41                        FILTRU.ASM   10-24-2017  17:51:38         PAGE  5


SYMBOL TABLE
  LABEL                             VALUE 

RB7                               00000007
RBIE                              00000003
RBIF                              00000000
RD                                00000000
RP0                               00000005
RP1                               00000006
STATUS                            00000003
T0CS                              00000005
T0IE                              00000005
T0IF                              00000002
T0SE                              00000004
TMR0                              00000001
TMR0IE                            00000005
TMR0IF                            00000002
TRISA                             00000085
TRISA0                            00000000
TRISA1                            00000001
TRISA2                            00000002
TRISA3                            00000003
TRISA4                            00000004
TRISB                             00000086
TRISB0                            00000000
TRISB1                            00000001
TRISB2                            00000002
TRISB3                            00000003
TRISB4                            00000004
TRISB5                            00000005
TRISB6                            00000006
TRISB7                            00000007
W                                 00000000
WR                                00000001
WREN                              00000002
WRERR                             00000003
Z                                 00000002
_CONFIG                           00002007
_CP_OFF                           00003FFF
_CP_ON                            0000000F
_HS_OSC                           00003FFE
_IDLOC0                           00002000
_IDLOC1                           00002001
_IDLOC2                           00002002
_IDLOC3                           00002003
_LP_OSC                           00003FFC
_PWRTE_OFF                        00003FFF
_PWRTE_ON                         00003FF7
_RC_OSC                           00003FFF
_WDT_OFF                          00003FFB
_WDT_ON                           00003FFF
_XT_OSC                           00003FFD
__16F84                           00000001
__DEBUG                           1
aux_H                             00000028
aux_L                             00000027
MPASM  5.41                        FILTRU.ASM   10-24-2017  17:51:38         PAGE  6


SYMBOL TABLE
  LABEL                             VALUE 

i                                 00000026
main                              00000000
x0                                00000020
x1                                00000021
y0_H                              00000023
y0_L                              00000022
y1_H                              00000025
y1_L                              00000024


MEMORY USAGE MAP ('X' = Used,  '-' = Unused)

0000 : XXXXXXXXXXXXXXXX XXXXXXXXXXXXXXXX XXXXXXXXXXXX---- ----------------

All other memory blocks unused.

Program Memory Words Used:    44
Program Memory Words Free:   980


Errors   :     0
Warnings :     4 reported,     0 suppressed
Messages :     3 reported,     0 suppressed

