MPASM  5.41                  TEMA_NOTA_10.ASM   10-6-2017  22:52:19         PAGE  1


LOC  OBJECT CODE     LINE SOURCE TEXT
  VALUE

                      00001 #include p16f84.inc
                      00001         LIST
                      00002 
                      00003 ;==========================================================================
                      00004 ;  MPASM PIC16F84 processor include
                      00005 ; 
                      00006 ;  (c) Copyright 1999-2011 Microchip Technology, All rights reserved
                      00007 ;==========================================================================
                      00008 
                      00199         LIST
                      00002 
                      00003 ; Enunt: Sa se scrie un program ASM care sa interschimbe valorile a doua
                      00004 ; variabile. Restricite: nu se poate folosi o variabila intermediara.
                      00005 ; ScorpionIPX
                      00006 
                      00007 ;assign memory for variables
  00000020            00008 x equ 0x20
  00000021            00009 y equ 0x21
                      00010 
0000                  00011 main:
                      00012         ; assign values to variables
0000   300D           00013         MOVLW D'13'; W <- 13 - acumulator get value 100
0001   00A0           00014         MOVWF x;x <- W - x gets acumulator value
                      00015 
0002   300A           00016         MOVLW D'10'; W <- 10 - acumulator get value 100
0003   00A1           00017         MOVWF y;y <- W - y gets acumulator value
                      00018 
0004   0000           00019         NOP;no operation, usefull for breakpoints
                      00020 
                      00021         ; swap variables' values
0005   06A0           00022         XORWF x, 1; x = W(=y) XOR x
0006   0000           00023         NOP;no operation, usefull for breakpoints
                      00024 
0007   0820           00025         MOVF x, 0
0008   06A1           00026         XORWF y, 1
0009   0000           00027         NOP;no operation, usefull for breakpoints
                      00028 
000A   0821           00029         MOVF y,0
000B   06A0           00030         XORWF x, 1; W = y XOR x
000C   0000           00031         NOP;no operation, usefull for breakpoints
                      00032 
                      00033         end
MPASM  5.41                  TEMA_NOTA_10.ASM   10-6-2017  22:52:19         PAGE  2


SYMBOL TABLE
  LABEL                             VALUE 

C                                 00000000
DC                                00000001
EEADR                             00000009
EECON1                            00000088
EECON2                            00000089
EEDATA                            00000008
EEIE                              00000006
EEIF                              00000004
F                                 00000001
FSR                               00000004
GIE                               00000007
INDF                              00000000
INTCON                            0000000B
INTE                              00000004
INTEDG                            00000006
INTF                              00000001
IRP                               00000007
NOT_PD                            00000003
NOT_RBPU                          00000007
NOT_TO                            00000004
OPTION_REG                        00000081
PCL                               00000002
PCLATH                            0000000A
PORTA                             00000005
PORTB                             00000006
PS0                               00000000
PS1                               00000001
PS2                               00000002
PSA                               00000003
RA0                               00000000
RA1                               00000001
RA2                               00000002
RA3                               00000003
RA4                               00000004
RB0                               00000000
RB1                               00000001
RB2                               00000002
RB3                               00000003
RB4                               00000004
RB5                               00000005
RB6                               00000006
RB7                               00000007
RBIE                              00000003
RBIF                              00000000
RD                                00000000
RP0                               00000005
RP1                               00000006
STATUS                            00000003
T0CS                              00000005
T0IE                              00000005
T0IF                              00000002
T0SE                              00000004
TMR0                              00000001
MPASM  5.41                  TEMA_NOTA_10.ASM   10-6-2017  22:52:19         PAGE  3


SYMBOL TABLE
  LABEL                             VALUE 

TMR0IE                            00000005
TMR0IF                            00000002
TRISA                             00000085
TRISA0                            00000000
TRISA1                            00000001
TRISA2                            00000002
TRISA3                            00000003
TRISA4                            00000004
TRISB                             00000086
TRISB0                            00000000
TRISB1                            00000001
TRISB2                            00000002
TRISB3                            00000003
TRISB4                            00000004
TRISB5                            00000005
TRISB6                            00000006
TRISB7                            00000007
W                                 00000000
WR                                00000001
WREN                              00000002
WRERR                             00000003
Z                                 00000002
_CONFIG                           00002007
_CP_OFF                           00003FFF
_CP_ON                            0000000F
_HS_OSC                           00003FFE
_IDLOC0                           00002000
_IDLOC1                           00002001
_IDLOC2                           00002002
_IDLOC3                           00002003
_LP_OSC                           00003FFC
_PWRTE_OFF                        00003FFF
_PWRTE_ON                         00003FF7
_RC_OSC                           00003FFF
_WDT_OFF                          00003FFB
_WDT_ON                           00003FFF
_XT_OSC                           00003FFD
__16F84                           00000001
__DEBUG                           1
main                              00000000
x                                 00000020
y                                 00000021
MPASM  5.41                  TEMA_NOTA_10.ASM   10-6-2017  22:52:19         PAGE  4


MEMORY USAGE MAP ('X' = Used,  '-' = Unused)


0000 : XXXXXXXXXXXXX--- ---------------- ---------------- ----------------

All other memory blocks unused.

Program Memory Words Used:    13
Program Memory Words Free:  1011


Errors   :     0
Warnings :     0 reported,     0 suppressed
Messages :     0 reported,     0 suppressed

