MPASM  5.41               GENERARE_SEMNAL.ASM   11-2-2017  11:27:59         PAGE  1


LOC  OBJECT CODE     LINE SOURCE TEXT
  VALUE

                      00001 #include p16f84.inc
                      00001         LIST
                      00002 
                      00003 ;==========================================================================
                      00004 ;  MPASM PIC16F84 processor include
                      00005 ; 
                      00006 ;  (c) Copyright 1999-2011 Microchip Technology, All rights reserved
                      00007 ;==========================================================================
                      00008 
                      00199         LIST
                      00002 
  00000020            00003 i equ 0x20
                      00004 
0000                  00005 main:
0000   1683           00006         BSF STATUS, RP0; pozitionare bank 1
0001   30FC           00007         MOVLW B'11111100'
Message[302]: Register in operand not in bank 0.  Ensure that bank bits are correct.
0002   0086           00008         MOVWF TRISB; RB0 output
0003   1283           00009         BCF STATUS, RP0; revenire in bank 0
                      00010         
0004   3005           00011         MOVLW D'5'
0005   00A0           00012         MOVWF i
                      00013 
0006   3001           00014         MOVLW B'00000001'
0007   0086           00015         MOVWF PORTB
0008   0000           00016         NOP
Warning[207]: Found label after column 1. (LOOP)
0009                  00017         LOOP:
0009   1486           00018         BSF PORTB, 1
000A   1006           00019         BCF PORTB, 0
000B   0186           00020         CLRF PORTB
000C   1486           00021         BSF PORTB, 1
000D   0000           00022         NOP
000E   0986           00023         COMF PORTB, 1
000F   1486           00024         BSF PORTB, 1
0010   1006           00025         BCF PORTB, 0
Message[305]: Using default destination of 1 (file).
0011   0986           00026         COMF PORTB
0012   0BA0           00027         DECFSZ i,1 
0013   2809           00028         GOTO LOOP
Warning[203]: Found opcode in column 1. (NOP)
0014   0000           00029 NOP
Warning[205]: Found directive in column 1. (end)
                      00030 end
MPASM  5.41               GENERARE_SEMNAL.ASM   11-2-2017  11:27:59         PAGE  2


SYMBOL TABLE
  LABEL                             VALUE 

C                                 00000000
DC                                00000001
EEADR                             00000009
EECON1                            00000088
EECON2                            00000089
EEDATA                            00000008
EEIE                              00000006
EEIF                              00000004
F                                 00000001
FSR                               00000004
GIE                               00000007
INDF                              00000000
INTCON                            0000000B
INTE                              00000004
INTEDG                            00000006
INTF                              00000001
IRP                               00000007
LOOP                              00000009
NOT_PD                            00000003
NOT_RBPU                          00000007
NOT_TO                            00000004
OPTION_REG                        00000081
PCL                               00000002
PCLATH                            0000000A
PORTA                             00000005
PORTB                             00000006
PS0                               00000000
PS1                               00000001
PS2                               00000002
PSA                               00000003
RA0                               00000000
RA1                               00000001
RA2                               00000002
RA3                               00000003
RA4                               00000004
RB0                               00000000
RB1                               00000001
RB2                               00000002
RB3                               00000003
RB4                               00000004
RB5                               00000005
RB6                               00000006
RB7                               00000007
RBIE                              00000003
RBIF                              00000000
RD                                00000000
RP0                               00000005
RP1                               00000006
STATUS                            00000003
T0CS                              00000005
T0IE                              00000005
T0IF                              00000002
T0SE                              00000004
MPASM  5.41               GENERARE_SEMNAL.ASM   11-2-2017  11:27:59         PAGE  3


SYMBOL TABLE
  LABEL                             VALUE 

TMR0                              00000001
TMR0IE                            00000005
TMR0IF                            00000002
TRISA                             00000085
TRISA0                            00000000
TRISA1                            00000001
TRISA2                            00000002
TRISA3                            00000003
TRISA4                            00000004
TRISB                             00000086
TRISB0                            00000000
TRISB1                            00000001
TRISB2                            00000002
TRISB3                            00000003
TRISB4                            00000004
TRISB5                            00000005
TRISB6                            00000006
TRISB7                            00000007
W                                 00000000
WR                                00000001
WREN                              00000002
WRERR                             00000003
Z                                 00000002
_CONFIG                           00002007
_CP_OFF                           00003FFF
_CP_ON                            0000000F
_HS_OSC                           00003FFE
_IDLOC0                           00002000
_IDLOC1                           00002001
_IDLOC2                           00002002
_IDLOC3                           00002003
_LP_OSC                           00003FFC
_PWRTE_OFF                        00003FFF
_PWRTE_ON                         00003FF7
_RC_OSC                           00003FFF
_WDT_OFF                          00003FFB
_WDT_ON                           00003FFF
_XT_OSC                           00003FFD
__16F84                           00000001
__DEBUG                           1
i                                 00000020
main                              00000000
MPASM  5.41               GENERARE_SEMNAL.ASM   11-2-2017  11:27:59         PAGE  4


MEMORY USAGE MAP ('X' = Used,  '-' = Unused)


0000 : XXXXXXXXXXXXXXXX XXXXX----------- ---------------- ----------------

All other memory blocks unused.

Program Memory Words Used:    21
Program Memory Words Free:  1003


Errors   :     0
Warnings :     3 reported,     0 suppressed
Messages :     2 reported,     0 suppressed

